> bayesreg b

> dataset d

> d.infile using C:/Users/R2/Documents/rebeca/resultados/dir_50_tau_0.1//bayesx.estim.data.raw

NOTE: 5 variables with 311 observations read from file
C:/Users/R2/Documents/rebeca/resultados/dir_50_tau_0.1//bayesx.estim.data.raw

> b.outfile = C:/Users/R2/Documents/rebeca/resultados/dir_50_tau_0.1//bayesx.estim

> b.regress y = idade + directionx1 + directionx2, family=quantreg iterations=2000 burnin=1000 step=1 setseed=900354380 quantile=0.1 predict using d



BAYESREG OBJECT b: regression procedure

GENERAL OPTIONS:

  Number of iterations:  2000
  Burn-in period:        1000
  Thinning parameter:    1


RESPONSE DISTRIBUTION:

  Family: Gaussian
  Number of observations: 311
  Number of observations with positive weights: 311
  Response function: identity
  Hyperparameter a: 0.001
  Hyperparameter b: 0.001


OPTIONS FOR ESTIMATION:

  OPTIONS FOR FIXED EFFECTS: FixedEffects1

  Priors: diffuse priors


MCMC SIMULATION STARTED



Computing starting values (may take some time)

  ITERATION: 1

  APPROXIMATE RUN TIME: 0 seconds

  ITERATION: 1000
  ITERATION: 2000

  FixedEffects1

  Acceptance rate:    99.95 %

  Relative Changes in  

  Mean:               0.117214
  Variance:           1.79769e+308
  Minimum:            0.832814
  Maximum:            1.00013



  FixedEffects1


  Acceptance rate:    99.95 %


SIMULATION TERMINATED

SIMULATION RUN TIME: 0 seconds


ESTIMATION RESULTS:

  Predicted values:

  Estimated mean of predictors, expectation of response and
  individual deviances are stored in file
  C:/Users/R2/Documents/rebeca/resultados/dir_50_tau_0.1//bayesx.estim_predictmean.raw

  Estimation results for the deviance: 

  Mean:             0
  Std. Dev:         0
  2.5% Quantile:    0
  10% Quantile:     0
  50% Quantile:     0
  90% Quantile:     0
  97.5% Quantile:   0

  Samples of the deviance are stored in file
  C:/Users/R2/Documents/rebeca/resultados/dir_50_tau_0.1//bayesx.estim_deviance_sample.raw

  Estimation results for the DIC: 

  Deviance(bar_mu):           3.8323669e-309
  pD:                         -3.8323669e-309
  DIC:                        -3.8323669e-309

  Estimation results for the scale parameter:

  Acceptance rate:   100 %

  Mean:             11.3681
  Std. dev.:        0.803728
  2.5% Quantile:    9.9908
  10% Quantile:     10.3923
  50% Quantile:     11.2973
  90% Quantile:     12.4721
  97.5% Quantile:   13.0813



  FixedEffects1


  Acceptance rate:    100 %


  Variable     mean           Std. Dev.      2.5% quant.    median         97.5% quant.   
    const        3.66458        1.02153        1.66154        3.68422        5.53653        
    idade        -0.117381      0.0248414      -0.167569      -0.116727      -0.0687944     
    directionx1  -0.00835765    0.0280907      -0.0584803     -0.00938412    0.0504296      
    directionx2  -0.0214461     0.0259862      -0.0684732     -0.0230613     0.0313011      

  Results for fixed effects are also stored in file
  C:/Users/R2/Documents/rebeca/resultados/dir_50_tau_0.1//bayesx.estim_FixedEffects1.res

  Files of model summary: 

  --------------------------------------------------------------------------- 

  Latex file of model summaries is stored in file 
  C:/Users/R2/Documents/rebeca/resultados/dir_50_tau_0.1//bayesx.estim_model_summary.tex

  --------------------------------------------------------------------------- 

> b.getsample

Storing sampled parameters...
Sampled parameters are stored in file(s):

C:/Users/R2/Documents/rebeca/resultados/dir_50_tau_0.1//bayesx.estim_FixedEffects1_sample.raw

C:/Users/R2/Documents/rebeca/resultados/dir_50_tau_0.1//bayesx.estim_scale_sample.raw


Storing completed

> logclose

