> bayesreg b

> dataset d

> d.infile using C:/Users/R2/Documents/rebeca/resultados/dir_68_tau_0.1//bayesx.estim.data.raw

NOTE: 5 variables with 311 observations read from file
C:/Users/R2/Documents/rebeca/resultados/dir_68_tau_0.1//bayesx.estim.data.raw

> b.outfile = C:/Users/R2/Documents/rebeca/resultados/dir_68_tau_0.1//bayesx.estim

> b.regress y = idade + directionx1 + directionx2, family=quantreg iterations=2000 burnin=1000 step=1 setseed=1794350993 quantile=0.1 predict using d



BAYESREG OBJECT b: regression procedure

GENERAL OPTIONS:

  Number of iterations:  2000
  Burn-in period:        1000
  Thinning parameter:    1


RESPONSE DISTRIBUTION:

  Family: Gaussian
  Number of observations: 311
  Number of observations with positive weights: 311
  Response function: identity
  Hyperparameter a: 0.001
  Hyperparameter b: 0.001


OPTIONS FOR ESTIMATION:

  OPTIONS FOR FIXED EFFECTS: FixedEffects1

  Priors: diffuse priors


MCMC SIMULATION STARTED



Computing starting values (may take some time)

  ITERATION: 1

  APPROXIMATE RUN TIME: 0 seconds

  ITERATION: 1000
  ITERATION: 2000

  FixedEffects1

  Acceptance rate:    99.95 %

  Relative Changes in  

  Mean:               0.0200513
  Variance:           1.79769e+308
  Minimum:            0.306293
  Maximum:            0.428666



  FixedEffects1


  Acceptance rate:    99.95 %


SIMULATION TERMINATED

SIMULATION RUN TIME: 0 seconds


ESTIMATION RESULTS:

  Predicted values:

  Estimated mean of predictors, expectation of response and
  individual deviances are stored in file
  C:/Users/R2/Documents/rebeca/resultados/dir_68_tau_0.1//bayesx.estim_predictmean.raw

  Estimation results for the deviance: 

  Mean:             0
  Std. Dev:         0
  2.5% Quantile:    0
  10% Quantile:     0
  50% Quantile:     0
  90% Quantile:     0
  97.5% Quantile:   0

  Samples of the deviance are stored in file
  C:/Users/R2/Documents/rebeca/resultados/dir_68_tau_0.1//bayesx.estim_deviance_sample.raw

  Estimation results for the DIC: 

  Deviance(bar_mu):           2.4465637e-309
  pD:                         -2.4465637e-309
  DIC:                        -2.4465637e-309

  Estimation results for the scale parameter:

  Acceptance rate:   100 %

  Mean:             18.3694
  Std. dev.:        1.31821
  2.5% Quantile:    16.2226
  10% Quantile:     16.8178
  50% Quantile:     18.2127
  90% Quantile:     20.2075
  97.5% Quantile:   21.1847



  FixedEffects1


  Acceptance rate:    100 %


  Variable     mean           Std. Dev.      2.5% quant.    median         97.5% quant.   
    const        10.8281        1.41105        8.27254        10.7518        13.7393        
    idade        -0.249846      0.0422361      -0.337423      -0.246656      -0.17435       
    directionx1  -0.000575506   0.0442574      -0.0829385     -0.00329278    0.0857289      
    directionx2  0.0319763      0.0389771      -0.0423039     0.0330266      0.105734       

  Results for fixed effects are also stored in file
  C:/Users/R2/Documents/rebeca/resultados/dir_68_tau_0.1//bayesx.estim_FixedEffects1.res

  Files of model summary: 

  --------------------------------------------------------------------------- 

  Latex file of model summaries is stored in file 
  C:/Users/R2/Documents/rebeca/resultados/dir_68_tau_0.1//bayesx.estim_model_summary.tex

  --------------------------------------------------------------------------- 

> b.getsample

Storing sampled parameters...
Sampled parameters are stored in file(s):

C:/Users/R2/Documents/rebeca/resultados/dir_68_tau_0.1//bayesx.estim_FixedEffects1_sample.raw

C:/Users/R2/Documents/rebeca/resultados/dir_68_tau_0.1//bayesx.estim_scale_sample.raw


Storing completed

> logclose

