> bayesreg b

> dataset d

> d.infile using C:/Users/R2/Documents/rebeca/resultados/dir_41_tau_0.1//bayesx.estim.data.raw

NOTE: 5 variables with 311 observations read from file
C:/Users/R2/Documents/rebeca/resultados/dir_41_tau_0.1//bayesx.estim.data.raw

> b.outfile = C:/Users/R2/Documents/rebeca/resultados/dir_41_tau_0.1//bayesx.estim

> b.regress y = idade + directionx1 + directionx2, family=quantreg iterations=2000 burnin=1000 step=1 setseed=654867621 quantile=0.1 predict using d



BAYESREG OBJECT b: regression procedure

GENERAL OPTIONS:

  Number of iterations:  2000
  Burn-in period:        1000
  Thinning parameter:    1


RESPONSE DISTRIBUTION:

  Family: Gaussian
  Number of observations: 311
  Number of observations with positive weights: 311
  Response function: identity
  Hyperparameter a: 0.001
  Hyperparameter b: 0.001


OPTIONS FOR ESTIMATION:

  OPTIONS FOR FIXED EFFECTS: FixedEffects1

  Priors: diffuse priors


MCMC SIMULATION STARTED



Computing starting values (may take some time)

  ITERATION: 1

  APPROXIMATE RUN TIME: 0 seconds

  ITERATION: 1000
  ITERATION: 2000

  FixedEffects1

  Acceptance rate:    99.95 %

  Relative Changes in  

  Mean:               0.00871367
  Variance:           1.79769e+308
  Minimum:            0.167841
  Maximum:            0.215328



  FixedEffects1


  Acceptance rate:    99.95 %


SIMULATION TERMINATED

SIMULATION RUN TIME: 0 seconds


ESTIMATION RESULTS:

  Predicted values:

  Estimated mean of predictors, expectation of response and
  individual deviances are stored in file
  C:/Users/R2/Documents/rebeca/resultados/dir_41_tau_0.1//bayesx.estim_predictmean.raw

  Estimation results for the deviance: 

  Mean:             0
  Std. Dev:         0
  2.5% Quantile:    0
  10% Quantile:     0
  50% Quantile:     0
  90% Quantile:     0
  97.5% Quantile:   0

  Samples of the deviance are stored in file
  C:/Users/R2/Documents/rebeca/resultados/dir_41_tau_0.1//bayesx.estim_deviance_sample.raw

  Estimation results for the DIC: 

  Deviance(bar_mu):           3.5230496e-309
  pD:                         -3.5230496e-309
  DIC:                        -3.5230496e-309

  Estimation results for the scale parameter:

  Acceptance rate:   100 %

  Mean:             14.5007
  Std. dev.:        1.22107
  2.5% Quantile:    12.5806
  10% Quantile:     13.0257
  50% Quantile:     14.3166
  90% Quantile:     16.3026
  97.5% Quantile:   17.0221



  FixedEffects1


  Acceptance rate:    100 %


  Variable     mean           Std. Dev.      2.5% quant.    median         97.5% quant.   
    const        -31.5021       1.84982        -35.3207       -31.5549       -27.9763       
    idade        0.193847       0.0697047      0.0610457      0.190791       0.328798       
    directionx1  -0.0205521     0.037935       -0.102453      -0.0171743     0.0468013      
    directionx2  -0.0599084     0.041265       -0.146864      -0.0568823     0.0132285      

  Results for fixed effects are also stored in file
  C:/Users/R2/Documents/rebeca/resultados/dir_41_tau_0.1//bayesx.estim_FixedEffects1.res

  Files of model summary: 

  --------------------------------------------------------------------------- 

  Latex file of model summaries is stored in file 
  C:/Users/R2/Documents/rebeca/resultados/dir_41_tau_0.1//bayesx.estim_model_summary.tex

  --------------------------------------------------------------------------- 

> b.getsample

Storing sampled parameters...
Sampled parameters are stored in file(s):

C:/Users/R2/Documents/rebeca/resultados/dir_41_tau_0.1//bayesx.estim_FixedEffects1_sample.raw

C:/Users/R2/Documents/rebeca/resultados/dir_41_tau_0.1//bayesx.estim_scale_sample.raw


Storing completed

> logclose

