> bayesreg b

> dataset d

> d.infile using C:/Users/R2/Documents/rebeca/resultados/dir_12_tau_0.1//bayesx.estim.data.raw

NOTE: 5 variables with 311 observations read from file
C:/Users/R2/Documents/rebeca/resultados/dir_12_tau_0.1//bayesx.estim.data.raw

> b.outfile = C:/Users/R2/Documents/rebeca/resultados/dir_12_tau_0.1//bayesx.estim

> b.regress y = idade + directionx1 + directionx2, family=quantreg iterations=2000 burnin=1000 step=1 setseed=2074922716 quantile=0.1 predict using d



BAYESREG OBJECT b: regression procedure

GENERAL OPTIONS:

  Number of iterations:  2000
  Burn-in period:        1000
  Thinning parameter:    1


RESPONSE DISTRIBUTION:

  Family: Gaussian
  Number of observations: 311
  Number of observations with positive weights: 311
  Response function: identity
  Hyperparameter a: 0.001
  Hyperparameter b: 0.001


OPTIONS FOR ESTIMATION:

  OPTIONS FOR FIXED EFFECTS: FixedEffects1

  Priors: diffuse priors


MCMC SIMULATION STARTED



Computing starting values (may take some time)

  ITERATION: 1

  APPROXIMATE RUN TIME: 0 seconds

  ITERATION: 1000
  ITERATION: 2000

  FixedEffects1

  Acceptance rate:    99.95 %

  Relative Changes in  

  Mean:               0.0138153
  Variance:           1.79769e+308
  Minimum:            0.159208
  Maximum:            0.0976205



  FixedEffects1


  Acceptance rate:    99.95 %


SIMULATION TERMINATED

SIMULATION RUN TIME: 0 seconds


ESTIMATION RESULTS:

  Predicted values:

  Estimated mean of predictors, expectation of response and
  individual deviances are stored in file
  C:/Users/R2/Documents/rebeca/resultados/dir_12_tau_0.1//bayesx.estim_predictmean.raw

  Estimation results for the deviance: 

  Mean:             0
  Std. Dev:         0
  2.5% Quantile:    0
  10% Quantile:     0
  50% Quantile:     0
  90% Quantile:     0
  97.5% Quantile:   0

  Samples of the deviance are stored in file
  C:/Users/R2/Documents/rebeca/resultados/dir_12_tau_0.1//bayesx.estim_deviance_sample.raw

  Estimation results for the DIC: 

  Deviance(bar_mu):           4.8998146e-309
  pD:                         -4.8998146e-309
  DIC:                        -4.8998146e-309

  Estimation results for the scale parameter:

  Acceptance rate:   100 %

  Mean:             20.8688
  Std. dev.:        1.85537
  2.5% Quantile:    18.0812
  10% Quantile:     18.7358
  50% Quantile:     20.4889
  90% Quantile:     23.6408
  97.5% Quantile:   24.8027



  FixedEffects1


  Acceptance rate:    100 %


  Variable     mean           Std. Dev.      2.5% quant.    median         97.5% quant.   
    const        -45.1026       1.81395        -48.8091       -45.0391       -41.735        
    idade        0.234203       0.0601928      0.124074       0.235836       0.356555       
    directionx1  -0.0510801     0.0531881      -0.145482      -0.0544772     0.0618527      
    directionx2  -0.0793248     0.0476951      -0.166711      -0.0808984     0.0213288      

  Results for fixed effects are also stored in file
  C:/Users/R2/Documents/rebeca/resultados/dir_12_tau_0.1//bayesx.estim_FixedEffects1.res

  Files of model summary: 

  --------------------------------------------------------------------------- 

  Latex file of model summaries is stored in file 
  C:/Users/R2/Documents/rebeca/resultados/dir_12_tau_0.1//bayesx.estim_model_summary.tex

  --------------------------------------------------------------------------- 

> b.getsample

Storing sampled parameters...
Sampled parameters are stored in file(s):

C:/Users/R2/Documents/rebeca/resultados/dir_12_tau_0.1//bayesx.estim_FixedEffects1_sample.raw

C:/Users/R2/Documents/rebeca/resultados/dir_12_tau_0.1//bayesx.estim_scale_sample.raw


Storing completed

> logclose

