> bayesreg b

> dataset d

> d.infile using C:/Users/R2/Documents/rebeca/resultados/dir_59_tau_0.1//bayesx.estim.data.raw

NOTE: 5 variables with 311 observations read from file
C:/Users/R2/Documents/rebeca/resultados/dir_59_tau_0.1//bayesx.estim.data.raw

> b.outfile = C:/Users/R2/Documents/rebeca/resultados/dir_59_tau_0.1//bayesx.estim

> b.regress y = idade + directionx1 + directionx2, family=quantreg iterations=2000 burnin=1000 step=1 setseed=1414996455 quantile=0.1 predict using d



BAYESREG OBJECT b: regression procedure

GENERAL OPTIONS:

  Number of iterations:  2000
  Burn-in period:        1000
  Thinning parameter:    1


RESPONSE DISTRIBUTION:

  Family: Gaussian
  Number of observations: 311
  Number of observations with positive weights: 311
  Response function: identity
  Hyperparameter a: 0.001
  Hyperparameter b: 0.001


OPTIONS FOR ESTIMATION:

  OPTIONS FOR FIXED EFFECTS: FixedEffects1

  Priors: diffuse priors


MCMC SIMULATION STARTED



Computing starting values (may take some time)

  ITERATION: 1

  APPROXIMATE RUN TIME: 0 seconds

  ITERATION: 1000
  ITERATION: 2000

  FixedEffects1

  Acceptance rate:    99.95 %

  Relative Changes in  

  Mean:               0.0925088
  Variance:           1.79769e+308
  Minimum:            0.248443
  Maximum:            0.499834



  FixedEffects1


  Acceptance rate:    99.95 %


SIMULATION TERMINATED

SIMULATION RUN TIME: 0 seconds


ESTIMATION RESULTS:

  Predicted values:

  Estimated mean of predictors, expectation of response and
  individual deviances are stored in file
  C:/Users/R2/Documents/rebeca/resultados/dir_59_tau_0.1//bayesx.estim_predictmean.raw

  Estimation results for the deviance: 

  Mean:             0
  Std. Dev:         0
  2.5% Quantile:    0
  10% Quantile:     0
  50% Quantile:     0
  90% Quantile:     0
  97.5% Quantile:   0

  Samples of the deviance are stored in file
  C:/Users/R2/Documents/rebeca/resultados/dir_59_tau_0.1//bayesx.estim_deviance_sample.raw

  Estimation results for the DIC: 

  Deviance(bar_mu):           4.0031239e-309
  pD:                         -4.0031239e-309
  DIC:                        -4.0031239e-309

  Estimation results for the scale parameter:

  Acceptance rate:   100 %

  Mean:             6.44941
  Std. dev.:        0.428762
  2.5% Quantile:    5.71678
  10% Quantile:     5.92554
  50% Quantile:     6.41802
  90% Quantile:     7.04626
  97.5% Quantile:   7.36713



  FixedEffects1


  Acceptance rate:    100 %


  Variable     mean           Std. Dev.      2.5% quant.    median         97.5% quant.   
    const        -10.2547       1.47996        -13.3436       -10.0471       -7.76291       
    idade        0.108372       0.0411158      0.0342193      0.104117       0.190304       
    directionx1  0.0395616      0.0270958      -0.0135219     0.0405008      0.0920333      
    directionx2  0.0520425      0.0195327      0.0135121      0.0527004      0.0884516      

  Results for fixed effects are also stored in file
  C:/Users/R2/Documents/rebeca/resultados/dir_59_tau_0.1//bayesx.estim_FixedEffects1.res

  Files of model summary: 

  --------------------------------------------------------------------------- 

  Latex file of model summaries is stored in file 
  C:/Users/R2/Documents/rebeca/resultados/dir_59_tau_0.1//bayesx.estim_model_summary.tex

  --------------------------------------------------------------------------- 

> b.getsample

Storing sampled parameters...
Sampled parameters are stored in file(s):

C:/Users/R2/Documents/rebeca/resultados/dir_59_tau_0.1//bayesx.estim_FixedEffects1_sample.raw

C:/Users/R2/Documents/rebeca/resultados/dir_59_tau_0.1//bayesx.estim_scale_sample.raw


Storing completed

> logclose

